<?xml version="1.0" encoding="UTF-8"?>
<!-- Generated by org.testng.reporters.JUnitReportReporter -->
<testsuite hostname="DESKTOP-05KTQHD" failures="0" tests="3" name="TestCases.AppTest" time="4.482" errors="0" timestamp="2024-10-27T18:57:34 IST" skipped="2">
  <testcase classname="TestCases.AppTest" name="bookFlightTicket" time="4.482">
    <system-out>
      <![CDATA[Airline Present In FLight Search Results Table]]>
    </system-out>
  </testcase> <!-- bookFlightTicket -->
  <testcase classname="TestCases.AppTest" name="loginTest">
    <skipped/>
  </testcase> <!-- loginTest -->
  <testcase classname="TestCases.AppTest" name="validateLoginPageTitile">
    <skipped/>
  </testcase> <!-- validateLoginPageTitile -->
  <system-out>
    <![CDATA[Airline Present In FLight Search Results Table]]>
  </system-out>
</testsuite> <!-- TestCases.AppTest -->
